Start testing: Apr 03 18:12 UTC
----------------------------------------------------------
1/3 Testing: bubblesort
1/3 Test: bubblesort
Command: "/home/pcsdocker/Data/Enrico_Repository_PCS/esercitazione4/build/test_bubblesort"
Directory: /home/pcsdocker/Data/Enrico_Repository_PCS/esercitazione4/build
"bubblesort" start time: Apr 03 18:12 UTC
Output:
----------------------------------------------------------
Vettore randomico per le lunghezze dei vettori (bubble sort) 8 136 94 172 195 60 162 107 100 60 161 61 98 52 72 48 118 53 174 113 101 169 68 21 130 94 68 89 160 126 76 82 164 105 24 118 57 17 137 128 148 60 1 41 176 2 145 137 187 49 124 4 82 24 60 162 123 127 136 187 192 40 13 38 149 190 43 111 42 180 154 78 41 56 176 127 63 138 44 109 71 22 184 153 118 10 119 47 169 172 181 146 84 43 188 3 145 38 20 184 
Inizio test con stringhe 
Test stringhe superato!
Tutti i test del BUBBLESORT sono passati con successo!
<end of output>
Test time =   0.01 sec
----------------------------------------------------------
Test Passed.
"bubblesort" end time: Apr 03 18:12 UTC
"bubblesort" time elapsed: 00:00:00
----------------------------------------------------------

2/3 Testing: insertionsort
2/3 Test: insertionsort
Command: "/home/pcsdocker/Data/Enrico_Repository_PCS/esercitazione4/build/test_insertionsort"
Directory: /home/pcsdocker/Data/Enrico_Repository_PCS/esercitazione4/build
"insertionsort" start time: Apr 03 18:12 UTC
Output:
----------------------------------------------------------
Vettore randomico per le lunghezze dei vettori (insertion sort) 10 78 151 122 174 137 131 108 43 44 182 5 5 128 81 90 124 4 102 38 83 77 119 151 61 49 53 74 16 1 63 89 2 159 154 169 166 62 146 50 41 58 72 66 7 27 63 180 5 69 196 196 56 147 113 82 164 180 6 190 22 4 146 80 144 152 42 200 194 155 13 58 136 80 105 98 155 85 2 183 44 53 196 45 73 178 83 126 112 131 146 66 21 116 44 79 99 77 117 37 
Inizio test con stringhe 
Test stringhe superato!
Tutti i test del INSERTIONSORT sono passati con successo!
<end of output>
Test time =   0.01 sec
----------------------------------------------------------
Test Passed.
"insertionsort" end time: Apr 03 18:12 UTC
"insertionsort" time elapsed: 00:00:00
----------------------------------------------------------

3/3 Testing: selectionsort
3/3 Test: selectionsort
Command: "/home/pcsdocker/Data/Enrico_Repository_PCS/esercitazione4/build/test_selectionsort"
Directory: /home/pcsdocker/Data/Enrico_Repository_PCS/esercitazione4/build
"selectionsort" start time: Apr 03 18:12 UTC
Output:
----------------------------------------------------------
Vettore randomico per le lunghezze dei vettori (selection sort) 89 26 50 115 174 110 156 70 51 68 106 125 137 178 114 128 68 90 136 101 53 20 68 129 125 83 28 43 40 181 56 53 91 133 31 189 10 173 156 176 28 132 189 98 27 157 146 77 29 92 42 190 104 173 163 112 153 133 66 128 156 13 96 1 17 35 71 118 195 190 187 149 16 145 173 14 110 197 72 138 173 121 96 108 181 67 60 21 175 171 107 46 184 16 131 109 181 107 175 119 
Inizio test con stringhe 
Test stringhe superato!
Tutti i test del SELECTIONSORT sono passati con successo!
<end of output>
Test time =   0.01 sec
----------------------------------------------------------
Test Passed.
"selectionsort" end time: Apr 03 18:12 UTC
"selectionsort" time elapsed: 00:00:00
----------------------------------------------------------

End testing: Apr 03 18:12 UTC
